2019-02-22 16:33:10.940  INFO 7408 --- [main] c.e.HelloWorld.HelloWorldApplication     : Starting HelloWorldApplication on TP-TRAM-RAMESH with PID 7408 (D:\eclipse\prodworkspace\HelloWorld\target\classes started by Ramesh in D:\eclipse\prodworkspace\HelloWorld)
2019-02-22 16:33:10.956  INFO 7408 --- [main] c.e.HelloWorld.HelloWorldApplication     : No active profile set, falling back to default profiles: default
2019-02-22 16:33:12.926  INFO 7408 --- [main] o.s.b.w.embedded.tomcat.TomcatWebServer  : Tomcat initialized with port(s): 8086 (http)
2019-02-22 16:33:12.989  INFO 7408 --- [main] o.apache.catalina.core.StandardService   : Starting service [Tomcat]
2019-02-22 16:33:12.989  INFO 7408 --- [main] org.apache.catalina.core.StandardEngine  : Starting Servlet engine: [Apache Tomcat/9.0.14]
2019-02-22 16:33:13.005  INFO 7408 --- [main] o.a.catalina.core.AprLifecycleListener   : The APR based Apache Tomcat Native library which allows optimal performance in production environments was not found on the java.library.path: [C:\Java\jdk1.8.0_73\bin;C:\Windows\Sun\Java\bin;C:\Windows\system32;C:\Windows;C:/Java/jre1.8.0_73/bin/server;C:/Java/jre1.8.0_73/bin;C:/Java/jre1.8.0_73/lib/amd64;C:\ProgramData\Oracle\Java\javapath;C:\Windows\system32;C:\Windows;C:\Windows\System32\Wbem;C:\Windows\System32\WindowsPowerShell\v1.0\;C:\Program Files (x86)\Intel\OpenCL SDK\2.0\bin\x86;C:\Program Files (x86)\Intel\OpenCL SDK\2.0\bin\x64;C:\Program Files\TortoiseSVN\bin;C:\Program Files\Git\cmd;C:\Java\jdk1.8.0_73\bin;D:\Maven\bin;C:\Program Files (x86)\PuTTY\;C:\Program Files\nodejs\;C:\Program Files\Microsoft VS Code\bin;C:\Program Files\TortoiseGit\bin;D:\gradle\bin;C:\Program Files (x86)\Subversion\bin;C:\Users\Ramesh\AppData\Roaming\npm;C:\Program Files\Microsoft VS Code\bin;C:\Users\Ramesh\AppData\Local\Programs\Microsoft VS Code\bin;D:\eclipse;;.]
2019-02-22 16:33:13.145  INFO 7408 --- [main] o.a.c.c.C.[Tomcat].[localhost].[/]       : Initializing Spring embedded WebApplicationContext
2019-02-22 16:33:13.145  INFO 7408 --- [main] o.s.web.context.ContextLoader            : Root WebApplicationContext: initialization completed in 2095 ms
2019-02-22 16:33:13.524  INFO 7408 --- [main] o.s.s.concurrent.ThreadPoolTaskExecutor  : Initializing ExecutorService 'applicationTaskExecutor'
2019-02-22 16:33:13.917  INFO 7408 --- [main] o.s.b.w.embedded.tomcat.TomcatWebServer  : Tomcat started on port(s): 8086 (http) with context path ''
2019-02-22 16:33:13.917  INFO 7408 --- [main] c.e.HelloWorld.HelloWorldApplication     : Started HelloWorldApplication in 3.716 seconds (JVM running for 4.24)
2019-02-22 16:33:51.563  INFO 11672 --- [main] c.e.HelloWorld.HelloWorldApplication     : Starting HelloWorldApplication on TP-TRAM-RAMESH with PID 11672 (D:\eclipse\prodworkspace\HelloWorld\target\classes started by Ramesh in D:\eclipse\prodworkspace\HelloWorld)
2019-02-22 16:33:51.570  INFO 11672 --- [main] c.e.HelloWorld.HelloWorldApplication     : No active profile set, falling back to default profiles: default
2019-02-22 16:33:53.641  INFO 11672 --- [main] o.s.b.w.embedded.tomcat.TomcatWebServer  : Tomcat initialized with port(s): 8086 (http)
2019-02-22 16:33:53.689  INFO 11672 --- [main] o.apache.catalina.core.StandardService   : Starting service [Tomcat]
2019-02-22 16:33:53.689  INFO 11672 --- [main] org.apache.catalina.core.StandardEngine  : Starting Servlet engine: [Apache Tomcat/9.0.14]
2019-02-22 16:33:53.704  INFO 11672 --- [main] o.a.catalina.core.AprLifecycleListener   : The APR based Apache Tomcat Native library which allows optimal performance in production environments was not found on the java.library.path: [C:\Java\jdk1.8.0_73\bin;C:\Windows\Sun\Java\bin;C:\Windows\system32;C:\Windows;C:/Java/jre1.8.0_73/bin/server;C:/Java/jre1.8.0_73/bin;C:/Java/jre1.8.0_73/lib/amd64;C:\ProgramData\Oracle\Java\javapath;C:\Windows\system32;C:\Windows;C:\Windows\System32\Wbem;C:\Windows\System32\WindowsPowerShell\v1.0\;C:\Program Files (x86)\Intel\OpenCL SDK\2.0\bin\x86;C:\Program Files (x86)\Intel\OpenCL SDK\2.0\bin\x64;C:\Program Files\TortoiseSVN\bin;C:\Program Files\Git\cmd;C:\Java\jdk1.8.0_73\bin;D:\Maven\bin;C:\Program Files (x86)\PuTTY\;C:\Program Files\nodejs\;C:\Program Files\Microsoft VS Code\bin;C:\Program Files\TortoiseGit\bin;D:\gradle\bin;C:\Program Files (x86)\Subversion\bin;C:\Users\Ramesh\AppData\Roaming\npm;C:\Program Files\Microsoft VS Code\bin;C:\Users\Ramesh\AppData\Local\Programs\Microsoft VS Code\bin;D:\eclipse;;.]
2019-02-22 16:33:53.917  INFO 11672 --- [main] o.a.c.c.C.[Tomcat].[localhost].[/]       : Initializing Spring embedded WebApplicationContext
2019-02-22 16:33:53.917  INFO 11672 --- [main] o.s.web.context.ContextLoader            : Root WebApplicationContext: initialization completed in 2242 ms
2019-02-22 16:33:54.292  INFO 11672 --- [main] o.s.s.concurrent.ThreadPoolTaskExecutor  : Initializing ExecutorService 'applicationTaskExecutor'
2019-02-22 16:33:54.604  INFO 11672 --- [main] o.s.b.w.embedded.tomcat.TomcatWebServer  : Tomcat started on port(s): 8086 (http) with context path ''
2019-02-22 16:33:54.619  INFO 11672 --- [main] c.e.HelloWorld.HelloWorldApplication     : Started HelloWorldApplication in 3.591 seconds (JVM running for 4.032)
